[debug] [2023-09-20T18:40:33.008Z] ----------------------------------------------------------------------
[debug] [2023-09-20T18:40:33.011Z] Command:       C:\Program Files\nodejs\node.exe C:\Users\migue\AppData\Roaming\npm\node_modules\firebase-tools\lib\bin\firebase.js emulators:start --only functions
[debug] [2023-09-20T18:40:33.011Z] CLI Version:   12.5.4
[debug] [2023-09-20T18:40:33.012Z] Platform:      win32
[debug] [2023-09-20T18:40:33.012Z] Node Version:  v18.17.1
[debug] [2023-09-20T18:40:33.013Z] Time:          Wed Sep 20 2023 12:40:33 GMT-0600 (Central Standard Time)
[debug] [2023-09-20T18:40:33.013Z] ----------------------------------------------------------------------
[debug] 
[debug] [2023-09-20T18:40:33.144Z] > command requires scopes: ["email","openid","https://www.googleapis.com/auth/cloudplatformprojects.readonly","https://www.googleapis.com/auth/firebase","https://www.googleapis.com/auth/cloud-platform"]
[debug] [2023-09-20T18:40:33.145Z] > authorizing via signed-in user (miguelangelgarciaalvizo@gmail.com)
[info] i  emulators: Starting emulators: functions {"metadata":{"emulator":{"name":"hub"},"message":"Starting emulators: functions"}}
[debug] [2023-09-20T18:40:33.162Z] [logging] Logging Emulator only supports listening on one address (127.0.0.1). Not listening on ::1
[debug] [2023-09-20T18:40:33.163Z] assigned listening specs for emulators {"user":{"hub":[{"address":"127.0.0.1","family":"IPv4","port":4400},{"address":"::1","family":"IPv6","port":4400}],"ui":[{"address":"127.0.0.1","family":"IPv4","port":4000},{"address":"::1","family":"IPv6","port":4000}],"logging":[{"address":"127.0.0.1","family":"IPv4","port":4500}]},"metadata":{"message":"assigned listening specs for emulators"}}
[debug] [2023-09-20T18:40:33.184Z] [hub] writing locator at C:\Users\migue\AppData\Local\Temp\hub-mealstogo-15801.json
[debug] [2023-09-20T18:40:33.208Z] [functions] Functions Emulator only supports listening on one address (127.0.0.1). Not listening on ::1
[debug] [2023-09-20T18:40:33.208Z] [eventarc] Eventarc Emulator only supports listening on one address (127.0.0.1). Not listening on ::1
[debug] [2023-09-20T18:40:33.208Z] late-assigned ports for functions and eventarc emulators {"user":{"hub":[{"address":"127.0.0.1","family":"IPv4","port":4400},{"address":"::1","family":"IPv6","port":4400}],"ui":[{"address":"127.0.0.1","family":"IPv4","port":4000},{"address":"::1","family":"IPv6","port":4000}],"logging":[{"address":"127.0.0.1","family":"IPv4","port":4500}],"functions":[{"address":"127.0.0.1","family":"IPv4","port":5001}],"eventarc":[{"address":"127.0.0.1","family":"IPv4","port":9299}]},"metadata":{"message":"late-assigned ports for functions and eventarc emulators"}}
[warn] !  functions: The following emulators are not running, calls to these services from the Functions emulator will affect production: auth, firestore, database, hosting, pubsub, storage {"metadata":{"emulator":{"name":"functions"},"message":"The following emulators are not running, calls to these services from the Functions emulator will affect production: \u001b[1mauth, firestore, database, hosting, pubsub, storage\u001b[22m"}}
[debug] [2023-09-20T18:40:33.211Z] defaultcredentials: writing to file C:\Users\migue\AppData\Roaming\firebase\miguelangelgarciaalvizo_gmail_com_application_default_credentials.json
[debug] [2023-09-20T18:40:33.215Z] Setting GAC to C:\Users\migue\AppData\Roaming\firebase\miguelangelgarciaalvizo_gmail_com_application_default_credentials.json {"metadata":{"emulator":{"name":"functions"},"message":"Setting GAC to C:\\Users\\migue\\AppData\\Roaming\\firebase\\miguelangelgarciaalvizo_gmail_com_application_default_credentials.json"}}
[debug] [2023-09-20T18:40:33.217Z] > refreshing access token with scopes: []
[debug] [2023-09-20T18:40:33.219Z] >>> [apiv2][query] POST https://www.googleapis.com/oauth2/v3/token [none]
[debug] [2023-09-20T18:40:33.219Z] >>> [apiv2][body] POST https://www.googleapis.com/oauth2/v3/token [omitted]
[debug] [2023-09-20T18:40:33.460Z] <<< [apiv2][status] POST https://www.googleapis.com/oauth2/v3/token 200
[debug] [2023-09-20T18:40:33.461Z] <<< [apiv2][body] POST https://www.googleapis.com/oauth2/v3/token [omitted]
[debug] [2023-09-20T18:40:33.473Z] >>> [apiv2][query] GET https://firebase.googleapis.com/v1beta1/projects/mealstogo-15801/adminSdkConfig [none]
[debug] [2023-09-20T18:40:33.728Z] <<< [apiv2][status] GET https://firebase.googleapis.com/v1beta1/projects/mealstogo-15801/adminSdkConfig 200
[debug] [2023-09-20T18:40:33.728Z] <<< [apiv2][body] GET https://firebase.googleapis.com/v1beta1/projects/mealstogo-15801/adminSdkConfig {"projectId":"mealstogo-15801","storageBucket":"mealstogo-15801.appspot.com"}
[debug] [2023-09-20T18:40:33.749Z] Ignoring unsupported arg: auto_download {"metadata":{"emulator":{"name":"ui"},"message":"Ignoring unsupported arg: auto_download"}}
[debug] [2023-09-20T18:40:33.749Z] Ignoring unsupported arg: port {"metadata":{"emulator":{"name":"ui"},"message":"Ignoring unsupported arg: port"}}
[debug] [2023-09-20T18:40:33.750Z] Starting Emulator UI with command {"binary":"node","args":["C:\\Users\\migue\\.cache\\firebase\\emulators\\ui-v1.11.7\\server\\server.js"],"optionalArgs":[],"joinArgs":false} {"metadata":{"emulator":{"name":"ui"},"message":"Starting Emulator UI with command {\"binary\":\"node\",\"args\":[\"C:\\\\Users\\\\migue\\\\.cache\\\\firebase\\\\emulators\\\\ui-v1.11.7\\\\server\\\\server.js\"],\"optionalArgs\":[],\"joinArgs\":false}"}}
[info] i  ui: Emulator UI logging to ui-debug.log {"metadata":{"emulator":{"name":"ui"},"message":"Emulator UI logging to \u001b[1mui-debug.log\u001b[22m"}}
[debug] [2023-09-20T18:40:34.074Z] Web / API server started at 127.0.0.1:4000
 {"metadata":{"emulator":{"name":"ui"},"message":"Web / API server started at 127.0.0.1:4000\n"}}
[debug] [2023-09-20T18:40:34.074Z] Web / API server started at ::1:4000
 {"metadata":{"emulator":{"name":"ui"},"message":"Web / API server started at ::1:4000\n"}}
[info] i  functions: Watching "C:\Users\migue\Desktop\Repos\react-native\mealsToGo\functions" for Cloud Functions... {"metadata":{"emulator":{"name":"functions"},"message":"Watching \"C:\\Users\\migue\\Desktop\\Repos\\react-native\\mealsToGo\\functions\" for Cloud Functions..."}}
[debug] [2023-09-20T18:40:34.286Z] Validating nodejs source
[debug] [2023-09-20T18:40:38.804Z] > [functions] package.json contents: {
  "name": "functions",
  "description": "Cloud Functions for Firebase",
  "scripts": {
    "serve": "firebase emulators:start --only functions",
    "shell": "firebase functions:shell",
    "start": "npm run shell",
    "deploy": "firebase deploy --only functions",
    "logs": "firebase functions:log"
  },
  "engines": {
    "node": "18"
  },
  "main": "index.js",
  "dependencies": {
    "firebase-admin": "^11.8.0",
    "firebase-functions": "^4.3.1"
  },
  "devDependencies": {
    "firebase-functions-test": "^3.1.0"
  },
  "private": true
}
[debug] [2023-09-20T18:40:38.804Z] Building nodejs source
[debug] [2023-09-20T18:40:38.805Z] Failed to find version of module node: reached end of search path C:\Users\migue\Desktop\Repos\react-native\mealsToGo\functions\node_modules
[info] +  functions: Using node@18 from host. 
[debug] [2023-09-20T18:40:38.809Z] Could not find functions.yaml. Must use http discovery
[debug] [2023-09-20T18:40:38.819Z] Found firebase-functions binary at 'C:\Users\migue\Desktop\Repos\react-native\mealsToGo\functions\node_modules\.bin\firebase-functions'
